<?xml version="1.0" encoding="UTF-8"?>
<!-- Generated by org.testng.reporters.JUnitReportReporter -->
<testsuite hostname="ICPL10451" name="pageTests.TestMethod" tests="5" failures="0" timestamp="14 Dec 2016 10:15:33 GMT" time="20.132" errors="0">
  <testcase name="RetrieveCompanyData" time="0.309" classname="pageTests.TestMethod"/>
  <testcase name="SearchCompany" time="8.999" classname="pageTests.TestMethod"/>
  <testcase name="RetrieveCompanyData" time="0.337" classname="pageTests.TestMethod"/>
  <testcase name="compareEPS" time="0.003" classname="pageTests.TestMethod"/>
  <testcase name="SearchCompany" time="10.484" classname="pageTests.TestMethod"/>
</testsuite> <!-- pageTests.TestMethod -->
