<?xml version="1.0" encoding="UTF-8"?>
<!-- Generated by org.testng.reporters.JUnitReportReporter -->
<testsuite name="pageTests.TestMethod" tests="5" time="26.336" ignored="4" failures="0" timestamp="25 Jan 2017 05:37:21 GMT" skipped="0" hostname="ICPL10451" errors="0">
  <testcase name="SearchCompany" time="12.246" classname="pageTests.TestMethod"/>
  <testcase name="RetrieveCompanyData" time="0.424" classname="pageTests.TestMethod"/>
  <testcase name="compareEPS" time="0.008" classname="pageTests.TestMethod"/>
  <testcase name="RetrieveCompanyData" time="0.412" classname="pageTests.TestMethod"/>
  <testcase name="SearchCompany" time="13.246" classname="pageTests.TestMethod"/>
  <testcase name="SearchCompany" classname="pageTests.TestMethod">
    <skipped/>
  </testcase> <!-- SearchCompany -->
  <testcase name="RetrieveCompanyData" classname="pageTests.TestMethod">
    <skipped/>
  </testcase> <!-- RetrieveCompanyData -->
  <testcase name="compareEPS" classname="pageTests.TestMethod">
    <skipped/>
  </testcase> <!-- compareEPS -->
  <testcase name="compareEPS" classname="pageTests.TestMethod">
    <skipped/>
  </testcase> <!-- compareEPS -->
</testsuite> <!-- pageTests.TestMethod -->
